This is pdfTeX, Version 3.14159265-2.6-1.40.17 (TeX Live 2016) (preloaded format=pdflatex 2016.5.22)  11 JUL 2017 17:17
entering extended mode
 restricted \write18 enabled.
 file:line:error style messages enabled.
 %&-line parsing enabled.
**mymacros.tex
(./mymacros.tex
LaTeX2e <2016/03/31>
Babel <3.9r> and hyphenation patterns for 83 language(s) loaded.

./mymacros.tex:33: LaTeX Error: Command \* already defined.
               Or name \end... illegal, see p.192 of the manual.

See the LaTeX manual or LaTeX Companion for explanation.
Type  H <return>  for immediate help.
 ...                                              
                                                  
l.33 \newtheorem*{myrem}{
                         Remark} %% based on amsthm
? 
./mymacros.tex:33: Emergency stop.
 ...                                              
                                                  
l.33 \newtheorem*{myrem}{
                         Remark} %% based on amsthm
Your command was ignored.
Type  I <command> <return>  to replace it with another command,
or  <return>  to continue without it.

 
Here is how much of TeX's memory you used:
 31 strings out of 493014
 438 string characters out of 6133351
 53601 words of memory out of 5000000
 3673 multiletter control sequences out of 15000+600000
 3640 words of font info for 14 fonts, out of 8000000 for 9000
 1141 hyphenation exceptions out of 8191
 7i,0n,6p,71b,14s stack positions out of 5000i,500n,10000p,200000b,80000s
./mymacros.tex:33:  ==> Fatal error occurred, no output PDF file produced!
